<?xml version="1.0" encoding="UTF-8"?>
<!-- Generated by org.testng.reporters.JUnitXMLReporter -->
<testsuite ignored="0" hostname="BSTNQA7420001" failures="0" tests="4" name="Default test" time="33.872" errors="0" timestamp="2023-07-21T10:00:10 CDT">
  <testcase classname="BR.Tests.SubmitOrderTest" name="submitOrder" time="4.957"/>
  <testcase classname="BR.Tests.SubmitOrderTest" name="submitOrder" time="5.453"/>
  <testcase classname="BR.Tests.SubmitOrderTest" name="orderHistory" time="2.173"/>
  <testcase classname="BR.Tests.SubmitOrderTest" name="orderHistory" time="1.687"/>
</testsuite> <!-- Default test -->
